<?xml version="1.0" encoding="UTF-8"?>
<testsuites name="TestSuite.Data-Validation" tests="0" time="0.000"/>